This is pdfTeX, Version 3.141592653-2.6-1.40.27 (TeX Live 2025) (preloaded format=pdflatex 2025.3.14)  13 MAY 2025 20:30
entering extended mode
 restricted \write18 enabled.
 file:line:error style messages enabled.
 %&-line parsing enabled.
**"/Users/dengjun/Desktop/awesome-lectures/UC Berkeley/cs294-deepul/deepul/homeworks/hw1/hw1_latex/main.tex"
(/Users/dengjun/Desktop/awesome-lectures/UC Berkeley/cs294-deepul/deepul/homeworks/hw1/hw1_latex/main.tex
LaTeX2e <2024-11-01> patch level 2
L3 programming layer <2025-01-18>
(/usr/local/texlive/2025/texmf-dist/tex/latex/base/article.cls
Document Class: article 2024/06/29 v1.4n Standard LaTeX document class
(/usr/local/texlive/2025/texmf-dist/tex/latex/base/size10.clo
File: size10.clo 2024/06/29 v1.4n Standard LaTeX file (size option)
)
\c@part=\count196
\c@section=\count197
\c@subsection=\count198
\c@subsubsection=\count199
\c@paragraph=\count266
\c@subparagraph=\count267
\c@figure=\count268
\c@table=\count269
\abovecaptionskip=\skip49
\belowcaptionskip=\skip50
\bibindent=\dimen141
) (/usr/local/texlive/2025/texmf-dist/tex/latex/amsmath/amsmath.sty
Package: amsmath 2024/11/05 v2.17t AMS math features
\@mathmargin=\skip51

For additional information on amsmath, use the `?' option.
(/usr/local/texlive/2025/texmf-dist/tex/latex/amsmath/amstext.sty
Package: amstext 2021/08/26 v2.01 AMS text
 (/usr/local/texlive/2025/texmf-dist/tex/latex/amsmath/amsgen.sty
File: amsgen.sty 1999/11/30 v2.0 generic functions
\@emptytoks=\toks17
\ex@=\dimen142
)) (/usr/local/texlive/2025/texmf-dist/tex/latex/amsmath/amsbsy.sty
Package: amsbsy 1999/11/29 v1.2d Bold Symbols
\pmbraise@=\dimen143
) (/usr/local/texlive/2025/texmf-dist/tex/latex/amsmath/amsopn.sty
Package: amsopn 2022/04/08 v2.04 operator names
)
\inf@bad=\count270
LaTeX Info: Redefining \frac on input line 233.
\uproot@=\count271
\leftroot@=\count272
LaTeX Info: Redefining \overline on input line 398.
LaTeX Info: Redefining \colon on input line 409.
\classnum@=\count273
\DOTSCASE@=\count274
LaTeX Info: Redefining \ldots on input line 495.
LaTeX Info: Redefining \dots on input line 498.
LaTeX Info: Redefining \cdots on input line 619.
\Mathstrutbox@=\box52
\strutbox@=\box53
LaTeX Info: Redefining \big on input line 721.
LaTeX Info: Redefining \Big on input line 722.
LaTeX Info: Redefining \bigg on input line 723.
LaTeX Info: Redefining \Bigg on input line 724.
\big@size=\dimen144
LaTeX Font Info:    Redeclaring font encoding OML on input line 742.
LaTeX Font Info:    Redeclaring font encoding OMS on input line 743.
\macc@depth=\count275
LaTeX Info: Redefining \bmod on input line 904.
LaTeX Info: Redefining \pmod on input line 909.
LaTeX Info: Redefining \smash on input line 939.
LaTeX Info: Redefining \relbar on input line 969.
LaTeX Info: Redefining \Relbar on input line 970.
\c@MaxMatrixCols=\count276
\dotsspace@=\muskip17
\c@parentequation=\count277
\dspbrk@lvl=\count278
\tag@help=\toks18
\row@=\count279
\column@=\count280
\maxfields@=\count281
\andhelp@=\toks19
\eqnshift@=\dimen145
\alignsep@=\dimen146
\tagshift@=\dimen147
\tagwidth@=\dimen148
\totwidth@=\dimen149
\lineht@=\dimen150
\@envbody=\toks20
\multlinegap=\skip52
\multlinetaggap=\skip53
\mathdisplay@stack=\toks21
LaTeX Info: Redefining \[ on input line 2953.
LaTeX Info: Redefining \] on input line 2954.
) (/usr/local/texlive/2025/texmf-dist/tex/latex/amsfonts/amssymb.sty
Package: amssymb 2013/01/14 v3.01 AMS font symbols
 (/usr/local/texlive/2025/texmf-dist/tex/latex/amsfonts/amsfonts.sty
Package: amsfonts 2013/01/14 v3.01 Basic AMSFonts support
\symAMSa=\mathgroup4
\symAMSb=\mathgroup5
LaTeX Font Info:    Redeclaring math symbol \hbar on input line 98.
LaTeX Font Info:    Overwriting math alphabet `\mathfrak' in version `bold'
(Font)                  U/euf/m/n --> U/euf/b/n on input line 106.
)) (/usr/local/texlive/2025/texmf-dist/tex/latex/graphics/graphicx.sty
Package: graphicx 2021/09/16 v1.2d Enhanced LaTeX Graphics (DPC,SPQR)
 (/usr/local/texlive/2025/texmf-dist/tex/latex/graphics/keyval.sty
Package: keyval 2022/05/29 v1.15 key=value parser (DPC)
\KV@toks@=\toks22
) (/usr/local/texlive/2025/texmf-dist/tex/latex/graphics/graphics.sty
Package: graphics 2024/08/06 v1.4g Standard LaTeX Graphics (DPC,SPQR)
 (/usr/local/texlive/2025/texmf-dist/tex/latex/graphics/trig.sty
Package: trig 2023/12/02 v1.11 sin cos tan (DPC)
) (/usr/local/texlive/2025/texmf-dist/tex/latex/graphics-cfg/graphics.cfg
File: graphics.cfg 2016/06/04 v1.11 sample graphics configuration
)
Package graphics Info: Driver file: pdftex.def on input line 106.
 (/usr/local/texlive/2025/texmf-dist/tex/latex/graphics-def/pdftex.def
File: pdftex.def 2024/04/13 v1.2c Graphics/color driver for pdftex
))
\Gin@req@height=\dimen151
\Gin@req@width=\dimen152
) (/usr/local/texlive/2025/texmf-dist/tex/latex/tools/enumerate.sty
Package: enumerate 2023/07/04 v3.00 enumerate extensions (DPC)
\@enLab=\toks23
) (/usr/local/texlive/2025/texmf-dist/tex/latex/hyperref/hyperref.sty
Package: hyperref 2024-11-05 v7.01l Hypertext links for LaTeX
 (/usr/local/texlive/2025/texmf-dist/tex/generic/iftex/iftex.sty
Package: iftex 2024/12/12 v1.0g TeX engine tests
) (/usr/local/texlive/2025/texmf-dist/tex/latex/kvsetkeys/kvsetkeys.sty
Package: kvsetkeys 2022-10-05 v1.19 Key value parser (HO)
) (/usr/local/texlive/2025/texmf-dist/tex/generic/kvdefinekeys/kvdefinekeys.sty
Package: kvdefinekeys 2019-12-19 v1.6 Define keys (HO)
) (/usr/local/texlive/2025/texmf-dist/tex/generic/pdfescape/pdfescape.sty
Package: pdfescape 2019/12/09 v1.15 Implements pdfTeX's escape features (HO)
 (/usr/local/texlive/2025/texmf-dist/tex/generic/ltxcmds/ltxcmds.sty
Package: ltxcmds 2023-12-04 v1.26 LaTeX kernel commands for general use (HO)
) (/usr/local/texlive/2025/texmf-dist/tex/generic/pdftexcmds/pdftexcmds.sty
Package: pdftexcmds 2020-06-27 v0.33 Utility functions of pdfTeX for LuaTeX (HO)
 (/usr/local/texlive/2025/texmf-dist/tex/generic/infwarerr/infwarerr.sty
Package: infwarerr 2019/12/03 v1.5 Providing info/warning/error messages (HO)
)
Package pdftexcmds Info: \pdf@primitive is available.
Package pdftexcmds Info: \pdf@ifprimitive is available.
Package pdftexcmds Info: \pdfdraftmode found.
)) (/usr/local/texlive/2025/texmf-dist/tex/latex/hycolor/hycolor.sty
Package: hycolor 2020-01-27 v1.10 Color options for hyperref/bookmark (HO)
) (/usr/local/texlive/2025/texmf-dist/tex/latex/hyperref/nameref.sty
Package: nameref 2023-11-26 v2.56 Cross-referencing by name of section
 (/usr/local/texlive/2025/texmf-dist/tex/latex/refcount/refcount.sty
Package: refcount 2019/12/15 v3.6 Data extraction from label references (HO)
) (/usr/local/texlive/2025/texmf-dist/tex/generic/gettitlestring/gettitlestring.sty
Package: gettitlestring 2019/12/15 v1.6 Cleanup title references (HO)
 (/usr/local/texlive/2025/texmf-dist/tex/latex/kvoptions/kvoptions.sty
Package: kvoptions 2022-06-15 v3.15 Key value format for package options (HO)
))
\c@section@level=\count282
) (/usr/local/texlive/2025/texmf-dist/tex/latex/etoolbox/etoolbox.sty
Package: etoolbox 2025/02/11 v2.5l e-TeX tools for LaTeX (JAW)
\etb@tempcnta=\count283
) (/usr/local/texlive/2025/texmf-dist/tex/generic/stringenc/stringenc.sty
Package: stringenc 2019/11/29 v1.12 Convert strings between diff. encodings (HO)
)
\@linkdim=\dimen153
\Hy@linkcounter=\count284
\Hy@pagecounter=\count285
 (/usr/local/texlive/2025/texmf-dist/tex/latex/hyperref/pd1enc.def
File: pd1enc.def 2024-11-05 v7.01l Hyperref: PDFDocEncoding definition (HO)
Now handling font encoding PD1 ...
... no UTF-8 mapping file for font encoding PD1
) (/usr/local/texlive/2025/texmf-dist/tex/generic/intcalc/intcalc.sty
Package: intcalc 2019/12/15 v1.3 Expandable calculations with integers (HO)
)
\Hy@SavedSpaceFactor=\count286
 (/usr/local/texlive/2025/texmf-dist/tex/latex/hyperref/puenc.def
File: puenc.def 2024-11-05 v7.01l Hyperref: PDF Unicode definition (HO)
Now handling font encoding PU ...
... no UTF-8 mapping file for font encoding PU
)
Package hyperref Info: Hyper figures OFF on input line 4157.
Package hyperref Info: Link nesting OFF on input line 4162.
Package hyperref Info: Hyper index ON on input line 4165.
Package hyperref Info: Plain pages OFF on input line 4172.
Package hyperref Info: Backreferencing OFF on input line 4177.
Package hyperref Info: Implicit mode ON; LaTeX internals redefined.
Package hyperref Info: Bookmarks ON on input line 4424.
\c@Hy@tempcnt=\count287
 (/usr/local/texlive/2025/texmf-dist/tex/latex/url/url.sty
\Urlmuskip=\muskip18
Package: url 2013/09/16  ver 3.4  Verb mode for urls, etc.
)
LaTeX Info: Redefining \url on input line 4763.
\XeTeXLinkMargin=\dimen154
 (/usr/local/texlive/2025/texmf-dist/tex/generic/bitset/bitset.sty
Package: bitset 2019/12/09 v1.3 Handle bit-vector datatype (HO)
 (/usr/local/texlive/2025/texmf-dist/tex/generic/bigintcalc/bigintcalc.sty
Package: bigintcalc 2019/12/15 v1.5 Expandable calculations on big integers (HO)
))
\Fld@menulength=\count288
\Field@Width=\dimen155
\Fld@charsize=\dimen156
Package hyperref Info: Hyper figures OFF on input line 6042.
Package hyperref Info: Link nesting OFF on input line 6047.
Package hyperref Info: Hyper index ON on input line 6050.
Package hyperref Info: backreferencing OFF on input line 6057.
Package hyperref Info: Link coloring OFF on input line 6062.
Package hyperref Info: Link coloring with OCG OFF on input line 6067.
Package hyperref Info: PDF/A mode OFF on input line 6072.
 (/usr/local/texlive/2025/texmf-dist/tex/latex/base/atbegshi-ltx.sty
Package: atbegshi-ltx 2021/01/10 v1.0c Emulation of the original atbegshi
package with kernel methods
)
\Hy@abspage=\count289
\c@Item=\count290
\c@Hfootnote=\count291
)
Package hyperref Info: Driver (autodetected): hpdftex.
 (/usr/local/texlive/2025/texmf-dist/tex/latex/hyperref/hpdftex.def
File: hpdftex.def 2024-11-05 v7.01l Hyperref driver for pdfTeX
 (/usr/local/texlive/2025/texmf-dist/tex/latex/base/atveryend-ltx.sty
Package: atveryend-ltx 2020/08/19 v1.0a Emulation of the original atveryend package
with kernel methods
)
\Fld@listcount=\count292
\c@bookmark@seq@number=\count293
 (/usr/local/texlive/2025/texmf-dist/tex/latex/rerunfilecheck/rerunfilecheck.sty
Package: rerunfilecheck 2022-07-10 v1.10 Rerun checks for auxiliary files (HO)
 (/usr/local/texlive/2025/texmf-dist/tex/generic/uniquecounter/uniquecounter.sty
Package: uniquecounter 2019/12/15 v1.4 Provide unlimited unique counter (HO)
)
Package uniquecounter Info: New unique counter `rerunfilecheck' on input line 285.
)
\Hy@SectionHShift=\skip54
) (/usr/local/texlive/2025/texmf-dist/tex/latex/caption/subcaption.sty
Package: subcaption 2023/07/28 v1.6b Sub-captions (AR)
 (/usr/local/texlive/2025/texmf-dist/tex/latex/caption/caption.sty
Package: caption 2023/08/05 v3.6o Customizing captions (AR)
 (/usr/local/texlive/2025/texmf-dist/tex/latex/caption/caption3.sty
Package: caption3 2023/07/31 v2.4d caption3 kernel (AR)
\caption@tempdima=\dimen157
\captionmargin=\dimen158
\caption@leftmargin=\dimen159
\caption@rightmargin=\dimen160
\caption@width=\dimen161
\caption@indent=\dimen162
\caption@parindent=\dimen163
\caption@hangindent=\dimen164
Package caption Info: Standard document class detected.
)
\c@caption@flags=\count294
\c@continuedfloat=\count295
Package caption Info: hyperref package is loaded.
)
Package caption Info: New subtype `subfigure' on input line 238.
\c@subfigure=\count296
Package caption Info: New subtype `subtable' on input line 238.
\c@subtable=\count297
) (/usr/local/texlive/2025/texmf-dist/tex/latex/xcolor/xcolor.sty
Package: xcolor 2024/09/29 v3.02 LaTeX color extensions (UK)
 (/usr/local/texlive/2025/texmf-dist/tex/latex/graphics-cfg/color.cfg
File: color.cfg 2016/01/02 v1.6 sample color configuration
)
Package xcolor Info: Driver file: pdftex.def on input line 274.
 (/usr/local/texlive/2025/texmf-dist/tex/latex/graphics/mathcolor.ltx)
Package xcolor Info: Model `cmy' substituted by `cmy0' on input line 1349.
Package xcolor Info: Model `hsb' substituted by `rgb' on input line 1353.
Package xcolor Info: Model `RGB' extended on input line 1365.
Package xcolor Info: Model `HTML' substituted by `rgb' on input line 1367.
Package xcolor Info: Model `Hsb' substituted by `hsb' on input line 1368.
Package xcolor Info: Model `tHsb' substituted by `hsb' on input line 1369.
Package xcolor Info: Model `HSB' substituted by `hsb' on input line 1370.
Package xcolor Info: Model `Gray' substituted by `gray' on input line 1371.
Package xcolor Info: Model `wave' substituted by `hsb' on input line 1372.
) (/usr/local/texlive/2025/texmf-dist/tex/latex/float/float.sty
Package: float 2001/11/08 v1.3d Float enhancements (AL)
\c@float@type=\count298
\float@exts=\toks24
\float@box=\box54
\@float@everytoks=\toks25
\@floatcapt=\box55
) (/usr/local/texlive/2025/texmf-dist/tex/latex/l3backend/l3backend-pdftex.def
File: l3backend-pdftex.def 2024-05-08 L3 backend support: PDF output (pdfTeX)
\l__color_backend_stack_int=\count299
\l__pdf_internal_box=\box56
) (./main.aux)
\openout1 = `main.aux'.

LaTeX Font Info:    Checking defaults for OML/cmm/m/it on input line 33.
LaTeX Font Info:    ... okay on input line 33.
LaTeX Font Info:    Checking defaults for OMS/cmsy/m/n on input line 33.
LaTeX Font Info:    ... okay on input line 33.
LaTeX Font Info:    Checking defaults for OT1/cmr/m/n on input line 33.
LaTeX Font Info:    ... okay on input line 33.
LaTeX Font Info:    Checking defaults for T1/cmr/m/n on input line 33.
LaTeX Font Info:    ... okay on input line 33.
LaTeX Font Info:    Checking defaults for TS1/cmr/m/n on input line 33.
LaTeX Font Info:    ... okay on input line 33.
LaTeX Font Info:    Checking defaults for OMX/cmex/m/n on input line 33.
LaTeX Font Info:    ... okay on input line 33.
LaTeX Font Info:    Checking defaults for U/cmr/m/n on input line 33.
LaTeX Font Info:    ... okay on input line 33.
LaTeX Font Info:    Checking defaults for PD1/pdf/m/n on input line 33.
LaTeX Font Info:    ... okay on input line 33.
LaTeX Font Info:    Checking defaults for PU/pdf/m/n on input line 33.
LaTeX Font Info:    ... okay on input line 33.
 (/usr/local/texlive/2025/texmf-dist/tex/context/base/mkii/supp-pdf.mkii
[Loading MPS to PDF converter (version 2006.09.02).]
\scratchcounter=\count300
\scratchdimen=\dimen165
\scratchbox=\box57
\nofMPsegments=\count301
\nofMParguments=\count302
\everyMPshowfont=\toks26
\MPscratchCnt=\count303
\MPscratchDim=\dimen166
\MPnumerator=\count304
\makeMPintoPDFobject=\count305
\everyMPtoPDFconversion=\toks27
) (/usr/local/texlive/2025/texmf-dist/tex/latex/epstopdf-pkg/epstopdf-base.sty
Package: epstopdf-base 2020-01-24 v2.11 Base part for package epstopdf
Package epstopdf-base Info: Redefining graphics rule for `.eps' on input line 485.
 (/usr/local/texlive/2025/texmf-dist/tex/latex/latexconfig/epstopdf-sys.cfg
File: epstopdf-sys.cfg 2010/07/13 v1.3 Configuration of (r)epstopdf for TeX Live
))
Package hyperref Info: Link coloring OFF on input line 33.
 (./main.out) (./main.out)
\@outlinefile=\write3
\openout3 = `main.out'.

Package caption Info: Begin \AtBeginDocument code.
Package caption Info: float package is loaded.
Package caption Info: End \AtBeginDocument code.
<figures/q1_a_dset1_train_plot.png, id=4, 462.528pt x 346.896pt>
File: figures/q1_a_dset1_train_plot.png Graphic file (type png)
<use figures/q1_a_dset1_train_plot.png>
Package pdftex.def Info: figures/q1_a_dset1_train_plot.png  used on input line 66.
(pdftex.def)             Requested size: 187.77022pt x 140.83087pt.
<figures/q1_a_dset1_learned_dist.png, id=6, 462.528pt x 346.896pt>
File: figures/q1_a_dset1_learned_dist.png Graphic file (type png)
<use figures/q1_a_dset1_learned_dist.png>
Package pdftex.def Info: figures/q1_a_dset1_learned_dist.png  used on input line 72.
(pdftex.def)             Requested size: 187.77022pt x 140.83087pt.

Underfull \hbox (badness 10000) in paragraph at lines 60--75

 []

<figures/q1_a_dset2_train_plot.png, id=7, 462.528pt x 346.896pt>
File: figures/q1_a_dset2_train_plot.png Graphic file (type png)
<use figures/q1_a_dset2_train_plot.png>
Package pdftex.def Info: figures/q1_a_dset2_train_plot.png  used on input line 81.
(pdftex.def)             Requested size: 187.77022pt x 140.83087pt.
<figures/q1_a_dset2_learned_dist.png, id=8, 462.528pt x 346.896pt>
File: figures/q1_a_dset2_learned_dist.png Graphic file (type png)
<use figures/q1_a_dset2_learned_dist.png>
Package pdftex.def Info: figures/q1_a_dset2_learned_dist.png  used on input line 87.
(pdftex.def)             Requested size: 187.77022pt x 140.83087pt.


[1{/usr/local/texlive/2025/texmf-var/fonts/map/pdftex/updmap/pdftex.map}

 <./figures/q1_a_dset1_train_plot.png> <./figures/q1_a_dset1_learned_dist.png>]

[2 <./figures/q1_a_dset2_train_plot.png> <./figures/q1_a_dset2_learned_dist.png>]
<figures/q1_b_dset1_train_plot.png, id=30, 462.528pt x 346.896pt>
File: figures/q1_b_dset1_train_plot.png Graphic file (type png)
<use figures/q1_b_dset1_train_plot.png>
Package pdftex.def Info: figures/q1_b_dset1_train_plot.png  used on input line 100.
(pdftex.def)             Requested size: 187.77022pt x 140.83087pt.
<figures/q1_b_dset1_learned_dist.png, id=31, 462.528pt x 346.896pt>
File: figures/q1_b_dset1_learned_dist.png Graphic file (type png)
<use figures/q1_b_dset1_learned_dist.png>
Package pdftex.def Info: figures/q1_b_dset1_learned_dist.png  used on input line 106.
(pdftex.def)             Requested size: 187.77022pt x 140.83087pt.

Underfull \hbox (badness 10000) in paragraph at lines 94--109

 []

<figures/q1_b_dset2_train_plot.png, id=32, 462.528pt x 346.896pt>
File: figures/q1_b_dset2_train_plot.png Graphic file (type png)
<use figures/q1_b_dset2_train_plot.png>
Package pdftex.def Info: figures/q1_b_dset2_train_plot.png  used on input line 115.
(pdftex.def)             Requested size: 187.77022pt x 140.83087pt.
<figures/q1_b_dset2_learned_dist.png, id=33, 462.528pt x 346.896pt>
File: figures/q1_b_dset2_learned_dist.png Graphic file (type png)
<use figures/q1_b_dset2_learned_dist.png>
Package pdftex.def Info: figures/q1_b_dset2_learned_dist.png  used on input line 121.
(pdftex.def)             Requested size: 187.77022pt x 140.83087pt.


[3 <./figures/q1_b_dset1_train_plot.png> <./figures/q1_b_dset1_learned_dist.png> <./figures/q1_b_dset2_train_plot.png> <./figures/q1_b_dset2_learned_dist.png>]
<figures/q2_a_dset1_train_plot.png, id=45, 462.528pt x 346.896pt>
File: figures/q2_a_dset1_train_plot.png Graphic file (type png)
<use figures/q2_a_dset1_train_plot.png>
Package pdftex.def Info: figures/q2_a_dset1_train_plot.png  used on input line 144.
(pdftex.def)             Requested size: 187.77022pt x 140.83087pt.
<figures/q2_a_dset1_samples.png, id=46, 462.528pt x 346.896pt>
File: figures/q2_a_dset1_samples.png Graphic file (type png)
<use figures/q2_a_dset1_samples.png>
Package pdftex.def Info: figures/q2_a_dset1_samples.png  used on input line 150.
(pdftex.def)             Requested size: 187.77022pt x 140.83087pt.

Underfull \hbox (badness 10000) in paragraph at lines 138--153

 []

<figures/q2_a_dset2_train_plot.png, id=47, 462.528pt x 346.896pt>
File: figures/q2_a_dset2_train_plot.png Graphic file (type png)
<use figures/q2_a_dset2_train_plot.png>
Package pdftex.def Info: figures/q2_a_dset2_train_plot.png  used on input line 159.
(pdftex.def)             Requested size: 187.77022pt x 140.83087pt.
<figures/q2_a_dset2_samples.png, id=48, 462.528pt x 346.896pt>
File: figures/q2_a_dset2_samples.png Graphic file (type png)
<use figures/q2_a_dset2_samples.png>
Package pdftex.def Info: figures/q2_a_dset2_samples.png  used on input line 165.
(pdftex.def)             Requested size: 187.77022pt x 140.83087pt.


[4 <./figures/q2_a_dset1_train_plot.png> <./figures/q2_a_dset1_samples.png> <./figures/q2_a_dset2_train_plot.png> <./figures/q2_a_dset2_samples.png>]
<figures/q2_b_dset1_train_plot.png, id=60, 462.528pt x 346.896pt>
File: figures/q2_b_dset1_train_plot.png Graphic file (type png)
<use figures/q2_b_dset1_train_plot.png>
Package pdftex.def Info: figures/q2_b_dset1_train_plot.png  used on input line 178.
(pdftex.def)             Requested size: 187.77022pt x 140.83087pt.
<figures/q2_b_dset1_samples.png, id=61, 462.528pt x 346.896pt>
File: figures/q2_b_dset1_samples.png Graphic file (type png)
<use figures/q2_b_dset1_samples.png>
Package pdftex.def Info: figures/q2_b_dset1_samples.png  used on input line 184.
(pdftex.def)             Requested size: 187.77022pt x 140.83087pt.

Underfull \hbox (badness 10000) in paragraph at lines 172--187

 []

<figures/q2_b_dset2_train_plot.png, id=62, 462.528pt x 346.896pt>
File: figures/q2_b_dset2_train_plot.png Graphic file (type png)
<use figures/q2_b_dset2_train_plot.png>
Package pdftex.def Info: figures/q2_b_dset2_train_plot.png  used on input line 193.
(pdftex.def)             Requested size: 187.77022pt x 140.83087pt.
<figures/q2_b_dset2_samples.png, id=63, 462.528pt x 346.896pt>
File: figures/q2_b_dset2_samples.png Graphic file (type png)
<use figures/q2_b_dset2_samples.png>
Package pdftex.def Info: figures/q2_b_dset2_samples.png  used on input line 199.
(pdftex.def)             Requested size: 187.77022pt x 140.83087pt.


[5 <./figures/q2_b_dset1_train_plot.png> <./figures/q2_b_dset1_samples.png> <./figures/q2_b_dset2_train_plot.png> <./figures/q2_b_dset2_samples.png>]
<figures/q3_a_dset1_train_plot.png, id=75, 462.528pt x 346.896pt>
File: figures/q3_a_dset1_train_plot.png Graphic file (type png)
<use figures/q3_a_dset1_train_plot.png>
Package pdftex.def Info: figures/q3_a_dset1_train_plot.png  used on input line 221.
(pdftex.def)             Requested size: 187.77022pt x 140.83087pt.
<figures/q3_a_dset1_samples.png, id=76, 462.528pt x 346.896pt>
File: figures/q3_a_dset1_samples.png Graphic file (type png)
<use figures/q3_a_dset1_samples.png>
Package pdftex.def Info: figures/q3_a_dset1_samples.png  used on input line 227.
(pdftex.def)             Requested size: 187.77022pt x 140.83087pt.

Underfull \hbox (badness 10000) in paragraph at lines 215--230

 []

<figures/q3_a_dset2_train_plot.png, id=77, 462.528pt x 346.896pt>
File: figures/q3_a_dset2_train_plot.png Graphic file (type png)
<use figures/q3_a_dset2_train_plot.png>
Package pdftex.def Info: figures/q3_a_dset2_train_plot.png  used on input line 236.
(pdftex.def)             Requested size: 187.77022pt x 140.83087pt.
<figures/q3_a_dset2_samples.png, id=78, 462.528pt x 346.896pt>
File: figures/q3_a_dset2_samples.png Graphic file (type png)
<use figures/q3_a_dset2_samples.png>
Package pdftex.def Info: figures/q3_a_dset2_samples.png  used on input line 242.
(pdftex.def)             Requested size: 187.77022pt x 140.83087pt.


[6 <./figures/q3_a_dset1_train_plot.png> <./figures/q3_a_dset1_samples.png> <./figures/q3_a_dset2_train_plot.png> <./figures/q3_a_dset2_samples.png>]
<figures/q3_b_dset1_train_plot.png, id=90, 462.528pt x 346.896pt>
File: figures/q3_b_dset1_train_plot.png Graphic file (type png)
<use figures/q3_b_dset1_train_plot.png>
Package pdftex.def Info: figures/q3_b_dset1_train_plot.png  used on input line 255.
(pdftex.def)             Requested size: 187.77022pt x 140.83087pt.
<figures/q3_b_dset1_samples.png, id=91, 462.528pt x 346.896pt>
File: figures/q3_b_dset1_samples.png Graphic file (type png)
<use figures/q3_b_dset1_samples.png>
Package pdftex.def Info: figures/q3_b_dset1_samples.png  used on input line 261.
(pdftex.def)             Requested size: 187.77022pt x 140.83087pt.

Underfull \hbox (badness 10000) in paragraph at lines 249--264

 []

<figures/q3_b_dset2_train_plot.png, id=92, 462.528pt x 346.896pt>
File: figures/q3_b_dset2_train_plot.png Graphic file (type png)
<use figures/q3_b_dset2_train_plot.png>
Package pdftex.def Info: figures/q3_b_dset2_train_plot.png  used on input line 270.
(pdftex.def)             Requested size: 187.77022pt x 140.83087pt.
<figures/q3_b_dset2_samples.png, id=93, 462.528pt x 346.896pt>
File: figures/q3_b_dset2_samples.png Graphic file (type png)
<use figures/q3_b_dset2_samples.png>
Package pdftex.def Info: figures/q3_b_dset2_samples.png  used on input line 276.
(pdftex.def)             Requested size: 187.77022pt x 140.83087pt.


[7 <./figures/q3_b_dset1_train_plot.png> <./figures/q3_b_dset1_samples.png> <./figures/q3_b_dset2_train_plot.png> <./figures/q3_b_dset2_samples.png>]
<figures/q3_c_dset1_timing_plot.png, id=106, 462.528pt x 346.896pt>
File: figures/q3_c_dset1_timing_plot.png Graphic file (type png)
<use figures/q3_c_dset1_timing_plot.png>
Package pdftex.def Info: figures/q3_c_dset1_timing_plot.png  used on input line 286.
(pdftex.def)             Requested size: 417.26999pt x 312.96573pt.

Underfull \hbox (badness 10000) in paragraph at lines 283--288

 []


Underfull \hbox (badness 10000) in paragraph at lines 283--288

 []

<figures/q3_c_no_cache_dset1_samples.png, id=107, 462.528pt x 346.896pt>
File: figures/q3_c_no_cache_dset1_samples.png Graphic file (type png)
<use figures/q3_c_no_cache_dset1_samples.png>
Package pdftex.def Info: figures/q3_c_no_cache_dset1_samples.png  used on input line 294.
(pdftex.def)             Requested size: 187.77022pt x 140.83087pt.
<figures/q3_c_with_cache_dset1_samples.png, id=108, 462.528pt x 346.896pt>
File: figures/q3_c_with_cache_dset1_samples.png Graphic file (type png)
<use figures/q3_c_with_cache_dset1_samples.png>
Package pdftex.def Info: figures/q3_c_with_cache_dset1_samples.png  used on input line 300.
(pdftex.def)             Requested size: 187.77022pt x 140.83087pt.


[8 <./figures/q3_c_dset1_timing_plot.png> <./figures/q3_c_no_cache_dset1_samples.png> <./figures/q3_c_with_cache_dset1_samples.png>]
<figures/q4_a_dset1_samples.png, id=119, 462.528pt x 346.896pt>
File: figures/q4_a_dset1_samples.png Graphic file (type png)
<use figures/q4_a_dset1_samples.png>
Package pdftex.def Info: figures/q4_a_dset1_samples.png  used on input line 321.
(pdftex.def)             Requested size: 187.77022pt x 140.83087pt.
<figures/q4_a_dset2_samples.png, id=120, 462.528pt x 346.896pt>
File: figures/q4_a_dset2_samples.png Graphic file (type png)
<use figures/q4_a_dset2_samples.png>
Package pdftex.def Info: figures/q4_a_dset2_samples.png  used on input line 327.
(pdftex.def)             Requested size: 187.77022pt x 140.83087pt.

Underfull \hbox (badness 10000) in paragraph at lines 316--330

 []


Underfull \hbox (badness 10000) in paragraph at lines 316--330

 []

<figures/q4_b_dset1_train_plot.png, id=121, 462.528pt x 346.896pt>
File: figures/q4_b_dset1_train_plot.png Graphic file (type png)
<use figures/q4_b_dset1_train_plot.png>
Package pdftex.def Info: figures/q4_b_dset1_train_plot.png  used on input line 338.
(pdftex.def)             Requested size: 187.77022pt x 140.83087pt.
<figures/q4_b_dset1_samples.png, id=122, 462.528pt x 346.896pt>
File: figures/q4_b_dset1_samples.png Graphic file (type png)
<use figures/q4_b_dset1_samples.png>
Package pdftex.def Info: figures/q4_b_dset1_samples.png  used on input line 344.
(pdftex.def)             Requested size: 187.77022pt x 140.83087pt.

Underfull \hbox (badness 10000) in paragraph at lines 332--347

 []

<figures/q4_b_dset2_train_plot.png, id=123, 462.528pt x 346.896pt>
File: figures/q4_b_dset2_train_plot.png Graphic file (type png)
<use figures/q4_b_dset2_train_plot.png>
Package pdftex.def Info: figures/q4_b_dset2_train_plot.png  used on input line 353.
(pdftex.def)             Requested size: 187.77022pt x 140.83087pt.
<figures/q4_b_dset2_samples.png, id=124, 462.528pt x 346.896pt>
File: figures/q4_b_dset2_samples.png Graphic file (type png)
<use figures/q4_b_dset2_samples.png>
Package pdftex.def Info: figures/q4_b_dset2_samples.png  used on input line 359.
(pdftex.def)             Requested size: 187.77022pt x 140.83087pt.


[9 <./figures/q4_a_dset1_samples.png> <./figures/q4_a_dset2_samples.png> <./figures/q4_b_dset1_train_plot.png> <./figures/q4_b_dset1_samples.png>]

[10 <./figures/q4_b_dset2_train_plot.png> <./figures/q4_b_dset2_samples.png>]
Underfull \hbox (badness 10000) in paragraph at lines 376--380

 []

<figures/q5_a_train_plot.png, id=144, 462.528pt x 346.896pt>
File: figures/q5_a_train_plot.png Graphic file (type png)
<use figures/q5_a_train_plot.png>
Package pdftex.def Info: figures/q5_a_train_plot.png  used on input line 390.
(pdftex.def)             Requested size: 125.18227pt x 93.88548pt.
<figures/q5_a_samples.png, id=145, 462.528pt x 346.896pt>
File: figures/q5_a_samples.png Graphic file (type png)
<use figures/q5_a_samples.png>
Package pdftex.def Info: figures/q5_a_samples.png  used on input line 396.
(pdftex.def)             Requested size: 271.22293pt x 203.42825pt.


[11 <./figures/q5_a_train_plot.png> <./figures/q5_a_samples.png>]
<figures/q6_a_train_plot.png, id=156, 462.528pt x 346.896pt>
File: figures/q6_a_train_plot.png Graphic file (type png)
<use figures/q6_a_train_plot.png>
Package pdftex.def Info: figures/q6_a_train_plot.png  used on input line 419.
(pdftex.def)             Requested size: 187.77022pt x 140.83087pt.
<figures/q6_a_samples_img_conditioned.png, id=157, 462.528pt x 346.896pt>
File: figures/q6_a_samples_img_conditioned.png Graphic file (type png)
<use figures/q6_a_samples_img_conditioned.png>
Package pdftex.def Info: figures/q6_a_samples_img_conditioned.png  used on input line 425.
(pdftex.def)             Requested size: 187.77022pt x 140.83087pt.
<figures/q6_a_samples_text_conditioned.png, id=158, 462.528pt x 346.896pt>
File: figures/q6_a_samples_text_conditioned.png Graphic file (type png)
<use figures/q6_a_samples_text_conditioned.png>
Package pdftex.def Info: figures/q6_a_samples_text_conditioned.png  used on input line 430.
(pdftex.def)             Requested size: 187.77022pt x 140.83087pt.
<figures/q6_a_samples_unconditional.png, id=159, 462.528pt x 346.896pt>
File: figures/q6_a_samples_unconditional.png Graphic file (type png)
<use figures/q6_a_samples_unconditional.png>
Package pdftex.def Info: figures/q6_a_samples_unconditional.png  used on input line 436.
(pdftex.def)             Requested size: 187.77022pt x 140.83087pt.

Underfull \hbox (badness 10000) in paragraph at lines 413--439

 []



[12 <./figures/q6_a_train_plot.png> <./figures/q6_a_samples_img_conditioned.png> <./figures/q6_a_samples_text_conditioned.png> <./figures/q6_a_samples_unconditional.png>] (./main.aux)
 ***********
LaTeX2e <2024-11-01> patch level 2
L3 programming layer <2025-01-18>
 ***********
Package rerunfilecheck Info: File `main.out' has not changed.
(rerunfilecheck)             Checksum: D41D8CD98F00B204E9800998ECF8427E;0.
 ) 
Here is how much of TeX's memory you used:
 11908 strings out of 473190
 193063 string characters out of 5715800
 584579 words of memory out of 5000000
 35008 multiletter control sequences out of 15000+600000
 560096 words of font info for 40 fonts, out of 8000000 for 9000
 1141 hyphenation exceptions out of 8191
 75i,9n,79p,767b,641s stack positions out of 10000i,1000n,20000p,200000b,200000s
</usr/local/texlive/2025/texmf-dist/fonts/type1/public/amsfonts/cm/cmbx10.pfb></usr/local/texlive/2025/texmf-dist/fonts/type1/public/amsfonts/cm/cmr10.pfb></usr/local/texlive/2025/texmf-dist/fonts/type1/public/amsfonts/cm/cmr17.pfb></usr/local/texlive/2025/texmf-dist/fonts/type1/public/amsfonts/cm/cmr9.pfb></usr/local/texlive/2025/texmf-dist/fonts/type1/public/amsfonts/cm/cmsl10.pfb>
Output written on main.pdf (12 pages, 1013628 bytes).
PDF statistics:
 206 PDF objects out of 1000 (max. 8388607)
 102 compressed objects within 2 object streams
 45 named destinations out of 1000 (max. 500000)
 196 words of extra memory for PDF output out of 10000 (max. 10000000)

